# JRE version: Java(TM) SE Runtime Environment (11.0.2+9) (build 11.0.2+9-LTS)
# Java VM: Java HotSpot(TM) 64-Bit Server VM (11.0.2+9-LTS, mixed mode, tiered, compressed oops, g1 gc, windows-amd64)
Heap:
 garbage-first heap   total 131072K, used 7427K [0x0000000081800000, 0x0000000100000000)
  region size 1024K, 4 young (4096K), 2 survivors (2048K)
 Metaspace       used 24106K, capacity 24694K, committed 24832K, reserved 1071104K
  class space    used 2517K, capacity 2733K, committed 2816K, reserved 1048576K
GC Heap History (10 events):
Event: 243.965 GC heap before
{Heap before GC invocations=9 (full 0):
 garbage-first heap   total 131072K, used 82376K [0x0000000081800000, 0x0000000100000000)
  region size 1024K, 76 young (77824K), 2 survivors (2048K)
 Metaspace       used 23961K, capacity 24577K, committed 24832K, reserved 1071104K
  class space    used 2499K, capacity 2715K, committed 2816K, reserved 1048576K
}
Event: 243.969 GC heap after
{Heap after GC invocations=10 (full 0):
 garbage-first heap   total 131072K, used 6434K [0x0000000081800000, 0x0000000100000000)
  region size 1024K, 2 young (2048K), 2 survivors (2048K)
 Metaspace       used 23961K, capacity 24577K, committed 24832K, reserved 1071104K
  class space    used 2499K, capacity 2715K, committed 2816K, reserved 1048576K
}
Event: 264.276 GC heap before
{Heap before GC invocations=10 (full 0):
 garbage-first heap   total 131072K, used 82210K [0x0000000081800000, 0x0000000100000000)
  region size 1024K, 76 young (77824K), 2 survivors (2048K)
 Metaspace       used 23975K, capacity 24577K, committed 24832K, reserved 1071104K
  class space    used 2499K, capacity 2715K, committed 2816K, reserved 1048576K
}
Event: 264.281 GC heap after
{Heap after GC invocations=11 (full 0):
 garbage-first heap   total 131072K, used 6496K [0x0000000081800000, 0x0000000100000000)
  region size 1024K, 2 young (2048K), 2 survivors (2048K)
 Metaspace       used 23975K, capacity 24577K, committed 24832K, reserved 1071104K
  class space    used 2499K, capacity 2715K, committed 2816K, reserved 1048576K
}
Event: 285.463 GC heap before
{Heap before GC invocations=11 (full 0):
 garbage-first heap   total 131072K, used 82272K [0x0000000081800000, 0x0000000100000000)
  region size 1024K, 76 young (77824K), 2 survivors (2048K)
 Metaspace       used 23975K, capacity 24577K, committed 24832K, reserved 1071104K
  class space    used 2499K, capacity 2715K, committed 2816K, reserved 1048576K
}
Event: 285.467 GC heap after
{Heap after GC invocations=12 (full 0):
 garbage-first heap   total 131072K, used 6501K [0x0000000081800000, 0x0000000100000000)
  region size 1024K, 2 young (2048K), 2 survivors (2048K)
 Metaspace       used 23975K, capacity 24577K, committed 24832K, reserved 1071104K
  class space    used 2499K, capacity 2715K, committed 2816K, reserved 1048576K
}
Event: 307.062 GC heap before
{Heap before GC invocations=12 (full 0):
 garbage-first heap   total 131072K, used 82277K [0x0000000081800000, 0x0000000100000000)
  region size 1024K, 76 young (77824K), 2 survivors (2048K)
 Metaspace       used 23975K, capacity 24577K, committed 24832K, reserved 1071104K
  class space    used 2499K, capacity 2715K, committed 2816K, reserved 1048576K
}
Event: 307.066 GC heap after
{Heap after GC invocations=13 (full 0):
 garbage-first heap   total 131072K, used 6488K [0x0000000081800000, 0x0000000100000000)
  region size 1024K, 2 young (2048K), 2 survivors (2048K)
 Metaspace       used 23975K, capacity 24577K, committed 24832K, reserved 1071104K
  class space    used 2499K, capacity 2715K, committed 2816K, reserved 1048576K
}
Event: 343.531 GC heap before
{Heap before GC invocations=13 (full 0):
 garbage-first heap   total 131072K, used 82264K [0x0000000081800000, 0x0000000100000000)
  region size 1024K, 76 young (77824K), 2 survivors (2048K)
 Metaspace       used 24047K, capacity 24627K, committed 24832K, reserved 1071104K
  class space    used 2514K, capacity 2732K, committed 2816K, reserved 1048576K
}
Event: 343.536 GC heap after
{Heap after GC invocations=14 (full 0):
 garbage-first heap   total 131072K, used 6403K [0x0000000081800000, 0x0000000100000000)
  region size 1024K, 2 young (2048K), 2 survivors (2048K)
 Metaspace       used 24047K, capacity 24627K, committed 24832K, reserved 1071104K
  class space    used 2514K, capacity 2732K, committed 2816K, reserved 1048576K
}

