# JRE version: Java(TM) SE Runtime Environment (11.0.2+9) (build 11.0.2+9-LTS)
# Java VM: Java HotSpot(TM) 64-Bit Server VM (11.0.2+9-LTS, mixed mode, tiered, compressed oops, g1 gc, windows-amd64)
Heap:
 garbage-first heap   total 131072K, used 12884K [0x0000000081800000, 0x0000000100000000)
  region size 1024K, 9 young (9216K), 2 survivors (2048K)
 Metaspace       used 23122K, capacity 23733K, committed 24064K, reserved 1071104K
  class space    used 2504K, capacity 2715K, committed 2816K, reserved 1048576K
GC Heap History (8 events):
Event: 1.772 GC heap before
{Heap before GC invocations=0 (full 0):
 garbage-first heap   total 131072K, used 14336K [0x0000000081800000, 0x0000000100000000)
  region size 1024K, 14 young (14336K), 0 survivors (0K)
 Metaspace       used 13060K, capacity 13355K, committed 13440K, reserved 1060864K
  class space    used 1302K, capacity 1386K, committed 1408K, reserved 1048576K
}
Event: 1.778 GC heap after
{Heap after GC invocations=1 (full 0):
 garbage-first heap   total 131072K, used 3023K [0x0000000081800000, 0x0000000100000000)
  region size 1024K, 2 young (2048K), 2 survivors (2048K)
 Metaspace       used 13060K, capacity 13355K, committed 13440K, reserved 1060864K
  class space    used 1302K, capacity 1386K, committed 1408K, reserved 1048576K
}
Event: 2.086 GC heap before
{Heap before GC invocations=1 (full 0):
 garbage-first heap   total 131072K, used 12239K [0x0000000081800000, 0x0000000100000000)
  region size 1024K, 11 young (11264K), 2 survivors (2048K)
 Metaspace       used 16442K, capacity 16773K, committed 17024K, reserved 1064960K
  class space    used 1694K, capacity 1799K, committed 1920K, reserved 1048576K
}
Event: 2.091 GC heap after
{Heap after GC invocations=2 (full 0):
 garbage-first heap   total 131072K, used 4795K [0x0000000081800000, 0x0000000100000000)
  region size 1024K, 2 young (2048K), 2 survivors (2048K)
 Metaspace       used 16442K, capacity 16773K, committed 17024K, reserved 1064960K
  class space    used 1694K, capacity 1799K, committed 1920K, reserved 1048576K
}
Event: 4.338 GC heap before
{Heap before GC invocations=2 (full 0):
 garbage-first heap   total 131072K, used 20155K [0x0000000081800000, 0x0000000100000000)
  region size 1024K, 18 young (18432K), 2 survivors (2048K)
 Metaspace       used 20620K, capacity 21130K, committed 21248K, reserved 1069056K
  class space    used 2254K, capacity 2449K, committed 2560K, reserved 1048576K
}
Event: 4.348 GC heap after
{Heap after GC invocations=3 (full 0):
 garbage-first heap   total 131072K, used 5841K [0x0000000081800000, 0x0000000100000000)
  region size 1024K, 3 young (3072K), 3 survivors (3072K)
 Metaspace       used 20620K, capacity 21130K, committed 21248K, reserved 1069056K
  class space    used 2254K, capacity 2449K, committed 2560K, reserved 1048576K
}
Event: 270.871 GC heap before
{Heap before GC invocations=4 (full 0):
 garbage-first heap   total 131072K, used 35537K [0x0000000081800000, 0x0000000100000000)
  region size 1024K, 32 young (32768K), 3 survivors (3072K)
 Metaspace       used 22964K, capacity 23541K, committed 23808K, reserved 1071104K
  class space    used 2500K, capacity 2715K, committed 2816K, reserved 1048576K
}
Event: 270.877 GC heap after
{Heap after GC invocations=5 (full 0):
 garbage-first heap   total 131072K, used 6740K [0x0000000081800000, 0x0000000100000000)
  region size 1024K, 2 young (2048K), 2 survivors (2048K)
 Metaspace       used 22964K, capacity 23541K, committed 23808K, reserved 1071104K
  class space    used 2500K, capacity 2715K, committed 2816K, reserved 1048576K
}

